Unity Editor version:    2020.3.26f1 (7298b473bc1a)
Branch:                  2020.3/staging
Build type:              Release
Batch mode:              YES
macOS version:           Version 12.5 (Build 21G72)
Darwin version:          21.6.0
Architecture:            x86_64
Running under Rosetta:   YES
Available memory:        16384 MB
Using pre-set license
Pro License: NO

COMMAND LINE ARGUMENTS:
/Applications/Unity/Hub/Editor/2020.3.26f1/Unity.app/Contents/MacOS/Unity
-adb2
-batchMode
-noUpm
-name
AssetImportWorker0
-projectPath
/Users/abhishekgoyal/Desktop/VR/ColorChange
-logFile
Logs/AssetImportWorker0.log
-srvPort
53173
Successfully changed project path to: /Users/abhishekgoyal/Desktop/VR/ColorChange
/Users/abhishekgoyal/Desktop/VR/ColorChange
Using Asset Import Pipeline V2.
Refreshing native plugins compatible for Editor in 105.41 ms, found 5 plugins.
Plugins: Couldn't open Assets/Oculus/Spatializer/Plugins/AudioPluginOculusSpatializer.bundle/Contents/MacOS/AudioPluginOculusSpatializer, error: dlopen(Assets/Oculus/Spatializer/Plugins/AudioPluginOculusSpatializer.bundle/Contents/MacOS/AudioPluginOculusSpatializer, 0x0002): Library not loaded: '@rpath/libthird-party_pffft_pffft.dylib'
  Referenced from: '/Users/abhishekgoyal/Desktop/VR/ColorChange/Assets/Oculus/Spatializer/Plugins/AudioPluginOculusSpatializer.bundle/Contents/MacOS/AudioPluginOculusSpatializer'
  Reason: tried: '/Applications/Unity/Hub/Editor/2020.3.26f1/Unity.app/Contents/MacOS/../Frameworks/libthird-party_pffft_pffft.dylib' (no such file), '/Applications/Unity/Hub/Editor/2020.3.26f1/Unity.app/Contents/MacOS/../Frameworks/libthird-party_pffft_pffft.dylib' (no such file), '/usr/local/lib/libthird-party_pffft_pffft.dylib' (no such file), '/usr/lib/libthird-party_pffft_pffft.dylib' (no such file)
Preloading 1 native plugins for Editor in 3.33 ms.
Initialize engine version: 2020.3.26f1 (7298b473bc1a)
[Subsystems] Discovering subsystems at path /Applications/Unity/Hub/Editor/2020.3.26f1/Unity.app/Contents/Resources/UnitySubsystems
[Subsystems] Discovering subsystems at path /Users/abhishekgoyal/Desktop/VR/ColorChange/Assets
GfxDevice: creating device client; threaded=0
2022-12-14 14:57:37.204 Unity[19828:267189] (null) preferred device: Apple M1 Pro (high power)
2022-12-14 14:57:37.204 Unity[19828:267189] Metal devices available: 1
2022-12-14 14:57:37.204 Unity[19828:267189] 0: Apple M1 Pro (high power)
2022-12-14 14:57:37.204 Unity[19828:267189] Using device Apple M1 Pro (high power)
Initializing Metal device caps: Apple M1 Pro
Shader 'Oculus/OVRMRCameraFrameLit': fallback shader 'Alpha-Diffuse' not found
Initialize mono
Mono path[0] = '/Applications/Unity/Hub/Editor/2020.3.26f1/Unity.app/Contents/Managed'
Mono path[1] = '/Applications/Unity/Hub/Editor/2020.3.26f1/Unity.app/Contents/MonoBleedingEdge/lib/mono/unityjit'
Mono config path = '/Applications/Unity/Hub/Editor/2020.3.26f1/Unity.app/Contents/MonoBleedingEdge/etc'
Using monoOptions --debugger-agent=transport=dt_socket,embedding=1,server=y,suspend=n,address=127.0.0.1:56828
Begin MonoManager ReloadAssembly
Registering precompiled unity dll's ...
Register platform support module: /Applications/Unity/Hub/Editor/2020.3.26f1/Unity.app/Contents/PlaybackEngines/MacStandaloneSupport/UnityEditor.OSXStandalone.Extensions.dll
Registered in 0.001087 seconds.
Native extension for OSXStandalone target not found
Refreshing native plugins compatible for Editor in 83.60 ms, found 5 plugins.
Plugins: Couldn't open /Users/abhishekgoyal/Desktop/VR/ColorChange/Assets/Oculus/Spatializer/Plugins/AudioPluginOculusSpatializer.bundle/Contents/MacOS/AudioPluginOculusSpatializer, error: dlopen(/Users/abhishekgoyal/Desktop/VR/ColorChange/Assets/Oculus/Spatializer/Plugins/AudioPluginOculusSpatializer.bundle/Contents/MacOS/AudioPluginOculusSpatializer, 0x0002): Library not loaded: '@rpath/libthird-party_pffft_pffft.dylib'
  Referenced from: '/Users/abhishekgoyal/Desktop/VR/ColorChange/Assets/Oculus/Spatializer/Plugins/AudioPluginOculusSpatializer.bundle/Contents/MacOS/AudioPluginOculusSpatializer'
  Reason: tried: '/Applications/Unity/Hub/Editor/2020.3.26f1/Unity.app/Contents/MacOS/../Frameworks/libthird-party_pffft_pffft.dylib' (no such file), '/Applications/Unity/Hub/Editor/2020.3.26f1/Unity.app/Contents/MacOS/../Frameworks/libthird-party_pffft_pffft.dylib' (no such file), '/usr/local/lib/libthird-party_pffft_pffft.dylib' (no such file), '/usr/lib/libthird-party_pffft_pffft.dylib' (no such file)
Preloading 1 native plugins for Editor in 1.26 ms.
Mono: successfully reloaded assembly
- Completed reload, in  1.635 seconds
Domain Reload Profiling:
	ReloadAssembly (1635ms)
		BeginReloadAssembly (92ms)
			ExecutionOrderSort (0ms)
			DisableScriptedObjects (0ms)
			BackupInstance (0ms)
			ReleaseScriptingObjects (0ms)
			CreateAndSetChildDomain (3ms)
		EndReloadAssembly (1379ms)
			LoadAssemblies (89ms)
			RebuildTransferFunctionScriptingTraits (0ms)
			SetupTypeCache (203ms)
			ReleaseScriptCaches (0ms)
			RebuildScriptCaches (52ms)
			SetupLoadedEditorAssemblies (732ms)
				LogAssemblyErrors (0ms)
				InitializePlatformSupportModulesInManaged (14ms)
				SetLoadedEditorAssemblies (1ms)
				RefreshPlugins (85ms)
				BeforeProcessingInitializeOnLoad (96ms)
				ProcessInitializeOnLoadAttributes (406ms)
				ProcessInitializeOnLoadMethodAttributes (129ms)
				AfterProcessingInitializeOnLoad (0ms)
				EditorAssembliesLoaded (1ms)
			ExecutionOrderSort2 (0ms)
			AwakeInstancesAfterBackupRestoration (0ms)
Platform modules already initialized, skipping
Registering precompiled user dll's ...
Registered in 0.006986 seconds.
Begin MonoManager ReloadAssembly
Native extension for OSXStandalone target not found
Refreshing native plugins compatible for Editor in 77.22 ms, found 5 plugins.
Plugins: Couldn't open /Users/abhishekgoyal/Desktop/VR/ColorChange/Assets/Oculus/Spatializer/Plugins/AudioPluginOculusSpatializer.bundle/Contents/MacOS/AudioPluginOculusSpatializer, error: dlopen(/Users/abhishekgoyal/Desktop/VR/ColorChange/Assets/Oculus/Spatializer/Plugins/AudioPluginOculusSpatializer.bundle/Contents/MacOS/AudioPluginOculusSpatializer, 0x0002): Library not loaded: '@rpath/libthird-party_pffft_pffft.dylib'
  Referenced from: '/Users/abhishekgoyal/Desktop/VR/ColorChange/Assets/Oculus/Spatializer/Plugins/AudioPluginOculusSpatializer.bundle/Contents/MacOS/AudioPluginOculusSpatializer'
  Reason: tried: '/Applications/Unity/Hub/Editor/2020.3.26f1/Unity.app/Contents/MacOS/../Frameworks/libthird-party_pffft_pffft.dylib' (no such file), '/Applications/Unity/Hub/Editor/2020.3.26f1/Unity.app/Contents/MacOS/../Frameworks/libthird-party_pffft_pffft.dylib' (no such file), '/usr/local/lib/libthird-party_pffft_pffft.dylib' (no such file), '/usr/lib/libthird-party_pffft_pffft.dylib' (no such file)
Preloading 1 native plugins for Editor in 1.31 ms.
Mono: successfully reloaded assembly
- Completed reload, in  3.161 seconds
Domain Reload Profiling:
	ReloadAssembly (3164ms)
		BeginReloadAssembly (307ms)
			ExecutionOrderSort (0ms)
			DisableScriptedObjects (34ms)
			BackupInstance (0ms)
			ReleaseScriptingObjects (0ms)
			CreateAndSetChildDomain (51ms)
		EndReloadAssembly (2740ms)
			LoadAssemblies (263ms)
			RebuildTransferFunctionScriptingTraits (0ms)
			SetupTypeCache (445ms)
			ReleaseScriptCaches (1ms)
			RebuildScriptCaches (94ms)
			SetupLoadedEditorAssemblies (1518ms)
				LogAssemblyErrors (0ms)
				InitializePlatformSupportModulesInManaged (13ms)
				SetLoadedEditorAssemblies (1ms)
				RefreshPlugins (79ms)
				BeforeProcessingInitializeOnLoad (248ms)
				ProcessInitializeOnLoadAttributes (1128ms)
				ProcessInitializeOnLoadMethodAttributes (48ms)
				AfterProcessingInitializeOnLoad (1ms)
				EditorAssembliesLoaded (1ms)
			ExecutionOrderSort2 (0ms)
			AwakeInstancesAfterBackupRestoration (34ms)
Platform modules already initialized, skipping
Validating Project structure ... 0.025095 seconds.
Shader import version has changed; will reimport all shaders...
Upgrading shader files ...0.073827 seconds.
Application.AssetDatabase Initial Script Refresh Start
RefreshInfo: InitialScriptRefreshV2(NoUpdateAssetOptions) scanfilter:  ... 1 filters
RefreshProfiler: Total: 0.000ms
Application.AssetDatabase Initial Script Refresh End
Application.AssetDatabase.Refresh Start
Application.AssetDatabase.Refresh End
RefreshInfo: StopAssetImportingV2(ForceSynchronousImport) scanfilter: 
RefreshProfiler: Total: 0.000ms
Shader 'Oculus/OVRMRCameraFrameLit': fallback shader 'Alpha-Diffuse' not found
Launching external process: /Applications/Unity/Hub/Editor/2020.3.26f1/Unity.app/Contents/Tools/UnityShaderCompiler
Launched and connected shader compiler UnityShaderCompiler after 0.02 seconds
Initializing Unity extensions:
2022-12-14 14:57:45.367 Unity[19828:267189] NSEventModifierFlagFunction specified to -setKeyEquivalentModifierMask: for item <NSMenuItem: 0x7f97f83414f0 Font Asset, ke='Command-F12'>, but is only supported for system-provided menu items; will not be used
2022-12-14 14:57:45.374 Unity[19828:267189] NSEventModifierFlagFunction specified to -setKeyEquivalentModifierMask: for item <NSMenuItem: 0x7f97f83ed410 Font Asset, ke='Command-F12'>, but is only supported for system-provided menu items; will not be used
========================================================================
Worker process is ready to serve import requests
Shader 'Oculus/OVRMRCameraFrameLit': fallback shader 'Alpha-Diffuse' not found
Refreshing native plugins compatible for Editor in 1.10 ms, found 5 plugins.
Plugins: Couldn't open /Users/abhishekgoyal/Desktop/VR/ColorChange/Assets/Oculus/Spatializer/Plugins/AudioPluginOculusSpatializer.bundle/Contents/MacOS/AudioPluginOculusSpatializer, error: dlopen(/Users/abhishekgoyal/Desktop/VR/ColorChange/Assets/Oculus/Spatializer/Plugins/AudioPluginOculusSpatializer.bundle/Contents/MacOS/AudioPluginOculusSpatializer, 0x0002): Library not loaded: '@rpath/libthird-party_pffft_pffft.dylib'
  Referenced from: '/Users/abhishekgoyal/Desktop/VR/ColorChange/Assets/Oculus/Spatializer/Plugins/AudioPluginOculusSpatializer.bundle/Contents/MacOS/AudioPluginOculusSpatializer'
  Reason: tried: '/Applications/Unity/Hub/Editor/2020.3.26f1/Unity.app/Contents/MacOS/../Frameworks/libthird-party_pffft_pffft.dylib' (no such file), '/Applications/Unity/Hub/Editor/2020.3.26f1/Unity.app/Contents/MacOS/../Frameworks/libthird-party_pffft_pffft.dylib' (no such file), '/usr/local/lib/libthird-party_pffft_pffft.dylib' (no such file), '/usr/lib/libthird-party_pffft_pffft.dylib' (no such file)
Preloading 1 native plugins for Editor in 1.26 ms.
Unloading 3621 Unused Serialized files (Serialized files now loaded: 0)
System memory in use before: 274.9 MB.
System memory in use after: 272.3 MB.

Unloading 648 unused Assets to reduce memory usage. Loaded Objects now: 4053.
Total: 3.514708 ms (FindLiveObjects: 0.206125 ms CreateObjectMapping: 0.099833 ms MarkObjects: 2.374166 ms  DeleteObjects: 0.833125 ms)

AssetImportParameters requested are different than current active one (requested -> active):
  custom:video-decoder-ogg-theora: a1e56fd34408186e4bbccfd4996cb3dc -> 
  custom:container-muxer-webm: aa71ff27fc2769a1b78a27578f13a17b -> 
  custom:container-demuxer-webm: 4f35f7cbe854078d1ac9338744f61a02 -> 
  custom:container-demuxer-ogg: 62fdf1f143b41e24485cea50d1cbac27 -> 
  custom:video-encoder-webm-vp8: eb34c28f22e8b96e1ab97ce403110664 -> 
  custom:framework-osx-AVFoundation: e770b220cccbd017edd2c1fefb359320 -> 
  custom:video-decoder-webm-vp8: 9c59270c3fd7afecdb556c50c9e8de78 -> 
  custom:audio-decoder-ogg-vorbis: bf7c407c2cedff20999df2af8eb42d56 -> 
  custom:audio-encoder-webm-vorbis: bf7c407c2cedff20999df2af8eb42d56 -> 
========================================================================
Received Prepare
Registering precompiled user dll's ...
Registered in 0.009025 seconds.
Begin MonoManager ReloadAssembly
Native extension for OSXStandalone target not found
Refreshing native plugins compatible for Editor in 1.22 ms, found 5 plugins.
Plugins: Couldn't open /Users/abhishekgoyal/Desktop/VR/ColorChange/Assets/Oculus/Spatializer/Plugins/AudioPluginOculusSpatializer.bundle/Contents/MacOS/AudioPluginOculusSpatializer, error: dlopen(/Users/abhishekgoyal/Desktop/VR/ColorChange/Assets/Oculus/Spatializer/Plugins/AudioPluginOculusSpatializer.bundle/Contents/MacOS/AudioPluginOculusSpatializer, 0x0002): Library not loaded: '@rpath/libthird-party_pffft_pffft.dylib'
  Referenced from: '/Users/abhishekgoyal/Desktop/VR/ColorChange/Assets/Oculus/Spatializer/Plugins/AudioPluginOculusSpatializer.bundle/Contents/MacOS/AudioPluginOculusSpatializer'
  Reason: tried: '/Applications/Unity/Hub/Editor/2020.3.26f1/Unity.app/Contents/MacOS/../Frameworks/libthird-party_pffft_pffft.dylib' (no such file), '/Applications/Unity/Hub/Editor/2020.3.26f1/Unity.app/Contents/MacOS/../Frameworks/libthird-party_pffft_pffft.dylib' (no such file), '/usr/local/lib/libthird-party_pffft_pffft.dylib' (no such file), '/usr/lib/libthird-party_pffft_pffft.dylib' (no such file)
Preloading 1 native plugins for Editor in 1.54 ms.
2022-12-14 15:00:28.740 Unity[19828:267189] NSEventModifierFlagFunction specified to -setKeyEquivalentModifierMask: for item <NSMenuItem: 0x7f97feab0220 Font Asset, ke='Command-F12'>, but is only supported for system-provided menu items; will not be used
Mono: successfully reloaded assembly
Exception thrown while invoking [DidReloadScripts] method 'Facebook.WitAi.Windows.WitConfigurationEditor:OnScriptsReloaded ()' : NullReferenceException: Object reference not set to an instance of an object
  at Facebook.WitAi.Data.Configuration.WitConfigurationUtility.ReloadConfigurationData () [0x00037] in /Users/abhishekgoyal/Desktop/VR/ColorChange/Assets/Oculus/Voice/Lib/Wit.ai/Scripts/Editor/Data/Configuration/WitConfigurationUtility.cs:81 
  at Facebook.WitAi.Data.Configuration.WitConfigurationUtility.get_WitConfigs () [0x0000e] in /Users/abhishekgoyal/Desktop/VR/ColorChange/Assets/Oculus/Voice/Lib/Wit.ai/Scripts/Editor/Data/Configuration/WitConfigurationUtility.cs:36 
  at Facebook.WitAi.Windows.WitConfigurationEditor.OnScriptsReloaded () [0x00002] in /Users/abhishekgoyal/Desktop/VR/ColorChange/Assets/Oculus/Voice/Lib/Wit.ai/Scripts/Editor/Data/Configuration/WitConfigurationEditor.cs:443 

(Filename: Assets/Oculus/Voice/Lib/Wit.ai/Scripts/Editor/Data/Configuration/WitConfigurationUtility.cs Line: 81)

- Completed reload, in  3.494 seconds
Domain Reload Profiling:
	ReloadAssembly (3496ms)
		BeginReloadAssembly (336ms)
			ExecutionOrderSort (0ms)
			DisableScriptedObjects (37ms)
			BackupInstance (0ms)
			ReleaseScriptingObjects (0ms)
			CreateAndSetChildDomain (157ms)
		EndReloadAssembly (3045ms)
			LoadAssemblies (284ms)
			RebuildTransferFunctionScriptingTraits (0ms)
			SetupTypeCache (454ms)
			ReleaseScriptCaches (1ms)
			RebuildScriptCaches (69ms)
			SetupLoadedEditorAssemblies (1638ms)
				LogAssemblyErrors (0ms)
				InitializePlatformSupportModulesInManaged (13ms)
				SetLoadedEditorAssemblies (2ms)
				RefreshPlugins (3ms)
				BeforeProcessingInitializeOnLoad (335ms)
				ProcessInitializeOnLoadAttributes (1237ms)
				ProcessInitializeOnLoadMethodAttributes (47ms)
				AfterProcessingInitializeOnLoad (1ms)
				EditorAssembliesLoaded (1ms)
			ExecutionOrderSort2 (0ms)
			AwakeInstancesAfterBackupRestoration (37ms)
Platform modules already initialized, skipping
Switching build target platform(2) subTarget(0) extendedPlatform(0) -> platform(13) subTarget(524294) extendedPlatform(0)
Shader 'Oculus/OVRMRCameraFrameLit': fallback shader 'Alpha-Diffuse' not found
Refreshing native plugins compatible for Editor in 1.19 ms, found 5 plugins.
Plugins: Couldn't open /Users/abhishekgoyal/Desktop/VR/ColorChange/Assets/Oculus/Spatializer/Plugins/AudioPluginOculusSpatializer.bundle/Contents/MacOS/AudioPluginOculusSpatializer, error: dlopen(/Users/abhishekgoyal/Desktop/VR/ColorChange/Assets/Oculus/Spatializer/Plugins/AudioPluginOculusSpatializer.bundle/Contents/MacOS/AudioPluginOculusSpatializer, 0x0002): Library not loaded: '@rpath/libthird-party_pffft_pffft.dylib'
  Referenced from: '/Users/abhishekgoyal/Desktop/VR/ColorChange/Assets/Oculus/Spatializer/Plugins/AudioPluginOculusSpatializer.bundle/Contents/MacOS/AudioPluginOculusSpatializer'
  Reason: tried: '/Applications/Unity/Hub/Editor/2020.3.26f1/Unity.app/Contents/MacOS/../Frameworks/libthird-party_pffft_pffft.dylib' (no such file), '/Applications/Unity/Hub/Editor/2020.3.26f1/Unity.app/Contents/MacOS/../Frameworks/libthird-party_pffft_pffft.dylib' (no such file), '/usr/local/lib/libthird-party_pffft_pffft.dylib' (no such file), '/usr/lib/libthird-party_pffft_pffft.dylib' (no such file)
Preloading 1 native plugins for Editor in 1.32 ms.
Unloading 3469 Unused Serialized files (Serialized files now loaded: 0)
System memory in use before: 252.1 MB.
System memory in use after: 252.3 MB.

Unloading 64 unused Assets to reduce memory usage. Loaded Objects now: 4069.
Total: 2.559708 ms (FindLiveObjects: 0.181083 ms CreateObjectMapping: 0.082625 ms MarkObjects: 2.253208 ms  DeleteObjects: 0.041750 ms)

AssetImportParameters requested are different than current active one (requested -> active):
  custom:video-decoder-ogg-theora: a1e56fd34408186e4bbccfd4996cb3dc -> 
  custom:container-muxer-webm: aa71ff27fc2769a1b78a27578f13a17b -> 
  custom:container-demuxer-webm: 4f35f7cbe854078d1ac9338744f61a02 -> 
  custom:container-demuxer-ogg: 62fdf1f143b41e24485cea50d1cbac27 -> 
  custom:video-encoder-webm-vp8: eb34c28f22e8b96e1ab97ce403110664 -> 
  custom:framework-osx-AVFoundation: e770b220cccbd017edd2c1fefb359320 -> 
  custom:video-decoder-webm-vp8: 9c59270c3fd7afecdb556c50c9e8de78 -> 
  custom:graphics/normal-map-encoding: 01000000000000000000000000000000 -> 02000000000000000000000000000000
  custom:audio-decoder-ogg-vorbis: bf7c407c2cedff20999df2af8eb42d56 -> 
  custom:audio-encoder-webm-vorbis: bf7c407c2cedff20999df2af8eb42d56 -> 
========================================================================
Received Prepare
Registering precompiled user dll's ...
Registered in 0.009235 seconds.
Begin MonoManager ReloadAssembly
Native extension for OSXStandalone target not found
Refreshing native plugins compatible for Editor in 1.21 ms, found 5 plugins.
Plugins: Couldn't open /Users/abhishekgoyal/Desktop/VR/ColorChange/Assets/Oculus/Spatializer/Plugins/AudioPluginOculusSpatializer.bundle/Contents/MacOS/AudioPluginOculusSpatializer, error: dlopen(/Users/abhishekgoyal/Desktop/VR/ColorChange/Assets/Oculus/Spatializer/Plugins/AudioPluginOculusSpatializer.bundle/Contents/MacOS/AudioPluginOculusSpatializer, 0x0002): Library not loaded: '@rpath/libthird-party_pffft_pffft.dylib'
  Referenced from: '/Users/abhishekgoyal/Desktop/VR/ColorChange/Assets/Oculus/Spatializer/Plugins/AudioPluginOculusSpatializer.bundle/Contents/MacOS/AudioPluginOculusSpatializer'
  Reason: tried: '/Applications/Unity/Hub/Editor/2020.3.26f1/Unity.app/Contents/MacOS/../Frameworks/libthird-party_pffft_pffft.dylib' (no such file), '/Applications/Unity/Hub/Editor/2020.3.26f1/Unity.app/Contents/MacOS/../Frameworks/libthird-party_pffft_pffft.dylib' (no such file), '/usr/local/lib/libthird-party_pffft_pffft.dylib' (no such file), '/usr/lib/libthird-party_pffft_pffft.dylib' (no such file)
Preloading 1 native plugins for Editor in 1.32 ms.
2022-12-14 15:00:56.128 Unity[19828:267189] NSEventModifierFlagFunction specified to -setKeyEquivalentModifierMask: for item <NSMenuItem: 0x7f97fec6b5e0 Font Asset, ke='Command-F12'>, but is only supported for system-provided menu items; will not be used
Mono: successfully reloaded assembly
Exception thrown while invoking [DidReloadScripts] method 'Facebook.WitAi.Windows.WitConfigurationEditor:OnScriptsReloaded ()' : NullReferenceException: Object reference not set to an instance of an object
  at Facebook.WitAi.Data.Configuration.WitConfigurationUtility.ReloadConfigurationData () [0x00037] in /Users/abhishekgoyal/Desktop/VR/ColorChange/Assets/Oculus/Voice/Lib/Wit.ai/Scripts/Editor/Data/Configuration/WitConfigurationUtility.cs:81 
  at Facebook.WitAi.Data.Configuration.WitConfigurationUtility.get_WitConfigs () [0x0000e] in /Users/abhishekgoyal/Desktop/VR/ColorChange/Assets/Oculus/Voice/Lib/Wit.ai/Scripts/Editor/Data/Configuration/WitConfigurationUtility.cs:36 
  at Facebook.WitAi.Windows.WitConfigurationEditor.OnScriptsReloaded () [0x00002] in /Users/abhishekgoyal/Desktop/VR/ColorChange/Assets/Oculus/Voice/Lib/Wit.ai/Scripts/Editor/Data/Configuration/WitConfigurationEditor.cs:443 

(Filename: Assets/Oculus/Voice/Lib/Wit.ai/Scripts/Editor/Data/Configuration/WitConfigurationUtility.cs Line: 81)

- Completed reload, in  3.338 seconds
Domain Reload Profiling:
	ReloadAssembly (3339ms)
		BeginReloadAssembly (278ms)
			ExecutionOrderSort (0ms)
			DisableScriptedObjects (32ms)
			BackupInstance (0ms)
			ReleaseScriptingObjects (0ms)
			CreateAndSetChildDomain (108ms)
		EndReloadAssembly (2946ms)
			LoadAssemblies (232ms)
			RebuildTransferFunctionScriptingTraits (0ms)
			SetupTypeCache (449ms)
			ReleaseScriptCaches (1ms)
			RebuildScriptCaches (69ms)
			SetupLoadedEditorAssemblies (1611ms)
				LogAssemblyErrors (0ms)
				InitializePlatformSupportModulesInManaged (13ms)
				SetLoadedEditorAssemblies (2ms)
				RefreshPlugins (3ms)
				BeforeProcessingInitializeOnLoad (339ms)
				ProcessInitializeOnLoadAttributes (1207ms)
				ProcessInitializeOnLoadMethodAttributes (46ms)
				AfterProcessingInitializeOnLoad (1ms)
				EditorAssembliesLoaded (1ms)
			ExecutionOrderSort2 (0ms)
			AwakeInstancesAfterBackupRestoration (65ms)
Platform modules already initialized, skipping
Switching build target platform(2) subTarget(0) extendedPlatform(0) -> platform(13) subTarget(524294) extendedPlatform(0)
Shader 'Oculus/OVRMRCameraFrameLit': fallback shader 'Alpha-Diffuse' not found
Refreshing native plugins compatible for Editor in 1.12 ms, found 5 plugins.
Plugins: Couldn't open /Users/abhishekgoyal/Desktop/VR/ColorChange/Assets/Oculus/Spatializer/Plugins/AudioPluginOculusSpatializer.bundle/Contents/MacOS/AudioPluginOculusSpatializer, error: dlopen(/Users/abhishekgoyal/Desktop/VR/ColorChange/Assets/Oculus/Spatializer/Plugins/AudioPluginOculusSpatializer.bundle/Contents/MacOS/AudioPluginOculusSpatializer, 0x0002): Library not loaded: '@rpath/libthird-party_pffft_pffft.dylib'
  Referenced from: '/Users/abhishekgoyal/Desktop/VR/ColorChange/Assets/Oculus/Spatializer/Plugins/AudioPluginOculusSpatializer.bundle/Contents/MacOS/AudioPluginOculusSpatializer'
  Reason: tried: '/Applications/Unity/Hub/Editor/2020.3.26f1/Unity.app/Contents/MacOS/../Frameworks/libthird-party_pffft_pffft.dylib' (no such file), '/Applications/Unity/Hub/Editor/2020.3.26f1/Unity.app/Contents/MacOS/../Frameworks/libthird-party_pffft_pffft.dylib' (no such file), '/usr/local/lib/libthird-party_pffft_pffft.dylib' (no such file), '/usr/lib/libthird-party_pffft_pffft.dylib' (no such file)
Preloading 1 native plugins for Editor in 1.28 ms.
Unloading 3469 Unused Serialized files (Serialized files now loaded: 0)
System memory in use before: 253.1 MB.
System memory in use after: 253.4 MB.

Unloading 63 unused Assets to reduce memory usage. Loaded Objects now: 4084.
Total: 2.817333 ms (FindLiveObjects: 0.191542 ms CreateObjectMapping: 0.086542 ms MarkObjects: 2.500708 ms  DeleteObjects: 0.037459 ms)

AssetImportParameters requested are different than current active one (requested -> active):
  custom:video-decoder-ogg-theora: a1e56fd34408186e4bbccfd4996cb3dc -> 
  custom:container-muxer-webm: aa71ff27fc2769a1b78a27578f13a17b -> 
  custom:container-demuxer-webm: 4f35f7cbe854078d1ac9338744f61a02 -> 
  custom:container-demuxer-ogg: 62fdf1f143b41e24485cea50d1cbac27 -> 
  custom:video-encoder-webm-vp8: eb34c28f22e8b96e1ab97ce403110664 -> 
  custom:framework-osx-AVFoundation: e770b220cccbd017edd2c1fefb359320 -> 
  custom:video-decoder-webm-vp8: 9c59270c3fd7afecdb556c50c9e8de78 -> 
  custom:graphics/normal-map-encoding: 01000000000000000000000000000000 -> 02000000000000000000000000000000
  custom:audio-decoder-ogg-vorbis: bf7c407c2cedff20999df2af8eb42d56 -> 
  custom:audio-encoder-webm-vorbis: bf7c407c2cedff20999df2af8eb42d56 -> 
========================================================================
Received Import Request.
  path: Assets/Exam/ColorWheel.png
  artifactKey: Guid(cdc5cd90ff86b4401947e0866902e30c) Importer(815301076,1909f56bfc062723c751e8b465ee728b)
Start importing Assets/Exam/ColorWheel.png using Guid(cdc5cd90ff86b4401947e0866902e30c) Importer(815301076,1909f56bfc062723c751e8b465ee728b)  -> (artifact id: '04540ebfb3829c455f83e1e51cbd3af9') in 0.322920 seconds 
  Import took 0.331984 seconds .

========================================================================
Received Import Request.
  Time since last request: 5.304956 seconds.
  path: Assets/Exam/ColorWheel.png
  artifactKey: Guid(cdc5cd90ff86b4401947e0866902e30c) Importer(815301076,1909f56bfc062723c751e8b465ee728b)
Start importing Assets/Exam/ColorWheel.png using Guid(cdc5cd90ff86b4401947e0866902e30c) Importer(815301076,1909f56bfc062723c751e8b465ee728b)  -> (artifact id: 'ea52bac9059836cba01d31bb720e4962') in 0.017683 seconds 
  Import took 0.022651 seconds .

========================================================================
Received Import Request.
  Time since last request: 6.059635 seconds.
  path: Assets/Exam/ColorWheel.png
  artifactKey: Guid(cdc5cd90ff86b4401947e0866902e30c) Importer(815301076,1909f56bfc062723c751e8b465ee728b)
Start importing Assets/Exam/ColorWheel.png using Guid(cdc5cd90ff86b4401947e0866902e30c) Importer(815301076,1909f56bfc062723c751e8b465ee728b)  -> (artifact id: 'f35554862f565b86399e7c5f0ae18daf') in 0.014353 seconds 
  Import took 0.019881 seconds .

========================================================================
Received Import Request.
  Time since last request: 4.195538 seconds.
  path: Assets/Exam/ColorWheel.png
  artifactKey: Guid(cdc5cd90ff86b4401947e0866902e30c) Importer(815301076,1909f56bfc062723c751e8b465ee728b)
Start importing Assets/Exam/ColorWheel.png using Guid(cdc5cd90ff86b4401947e0866902e30c) Importer(815301076,1909f56bfc062723c751e8b465ee728b)  -> (artifact id: '663ac9337662470fbc881fc146121dc7') in 0.013527 seconds 
  Import took 0.019283 seconds .

========================================================================
Received Import Request.
  Time since last request: 8.597883 seconds.
  path: Assets/Exam/ColorWheel.png
  artifactKey: Guid(cdc5cd90ff86b4401947e0866902e30c) Importer(815301076,1909f56bfc062723c751e8b465ee728b)
Start importing Assets/Exam/ColorWheel.png using Guid(cdc5cd90ff86b4401947e0866902e30c) Importer(815301076,1909f56bfc062723c751e8b465ee728b)  -> (artifact id: '509b6e8a7a0100cd9d8e28abefd1f69a') in 0.013700 seconds 
  Import took 0.019488 seconds .

========================================================================
Received Import Request.
  Time since last request: 2.938141 seconds.
  path: Assets/Exam/ColorWheel.png
  artifactKey: Guid(cdc5cd90ff86b4401947e0866902e30c) Importer(815301076,1909f56bfc062723c751e8b465ee728b)
Start importing Assets/Exam/ColorWheel.png using Guid(cdc5cd90ff86b4401947e0866902e30c) Importer(815301076,1909f56bfc062723c751e8b465ee728b)  -> (artifact id: '73c3d7dc0bbb797a782f8a59faa58a61') in 0.011193 seconds 
  Import took 0.016284 seconds .

========================================================================
Received Import Request.
  Time since last request: 3.745943 seconds.
  path: Assets/Exam/ColorWheel.png
  artifactKey: Guid(cdc5cd90ff86b4401947e0866902e30c) Importer(815301076,1909f56bfc062723c751e8b465ee728b)
Start importing Assets/Exam/ColorWheel.png using Guid(cdc5cd90ff86b4401947e0866902e30c) Importer(815301076,1909f56bfc062723c751e8b465ee728b)  -> (artifact id: '75929c8efeadf2f8abc7d0816f9bac90') in 0.010777 seconds 
  Import took 0.015721 seconds .

========================================================================
Received Import Request.
  Time since last request: 7.463697 seconds.
  path: Assets/Exam/ColorWheel.png
  artifactKey: Guid(cdc5cd90ff86b4401947e0866902e30c) Importer(815301076,1909f56bfc062723c751e8b465ee728b)
Start importing Assets/Exam/ColorWheel.png using Guid(cdc5cd90ff86b4401947e0866902e30c) Importer(815301076,1909f56bfc062723c751e8b465ee728b)  -> (artifact id: 'df875d92ea41deb68cac55529f21a29b') in 0.013635 seconds 
  Import took 0.019170 seconds .

========================================================================
Received Import Request.
  Time since last request: 8.303953 seconds.
  path: Assets/Exam/ColorWheel.png
  artifactKey: Guid(cdc5cd90ff86b4401947e0866902e30c) Importer(815301076,1909f56bfc062723c751e8b465ee728b)
Start importing Assets/Exam/ColorWheel.png using Guid(cdc5cd90ff86b4401947e0866902e30c) Importer(815301076,1909f56bfc062723c751e8b465ee728b)  -> (artifact id: 'dcf0636a0d4407b00d42c9b47e381a3d') in 0.013897 seconds 
  Import took 0.020109 seconds .

